<?xml version="1.0" encoding="UTF-8"?>
<testng-results skipped="0" failed="0" total="2" passed="2">
  <reporter-output>
  </reporter-output>
  <suite name="Default suite" duration-ms="1408" started-at="2023-02-04T06:53:13Z" finished-at="2023-02-04T06:53:14Z">
    <groups>
    </groups>
    <test name="Default test" duration-ms="1408" started-at="2023-02-04T06:53:13Z" finished-at="2023-02-04T06:53:14Z">
      <class name="com.ems.bdd.style.GetAllEmployeesBDD">
        <test-method status="PASS" signature="createEmployeeFromJsonFile()[pri:0, instance:com.ems.bdd.style.GetAllEmployeesBDD@3c756e4d]" name="createEmployeeFromJsonFile" duration-ms="1343" started-at="2023-02-04T07:53:13Z" finished-at="2023-02-04T07:53:14Z">
          <reporter-output>
          </reporter-output>
        </test-method> <!-- createEmployeeFromJsonFile -->
        <test-method status="PASS" signature="deleteAnEmployeeBDD()[pri:0, instance:com.ems.bdd.style.GetAllEmployeesBDD@3c756e4d]" name="deleteAnEmployeeBDD" duration-ms="49" started-at="2023-02-04T07:53:14Z" finished-at="2023-02-04T07:53:14Z">
          <reporter-output>
          </reporter-output>
        </test-method> <!-- deleteAnEmployeeBDD -->
      </class> <!-- com.ems.bdd.style.GetAllEmployeesBDD -->
    </test> <!-- Default test -->
  </suite> <!-- Default suite -->
</testng-results>
